Watching for file changes with StatReloader
Waiting for apps ready_event.
Apps ready_event triggered. Sending autoreload_started signal.
Watching dir /home/businka/coursework/journal/accounts/templates with glob **/*.
Watching dir /home/businka/coursework/journal/templates with glob **/*.
Watching dir /home/businka/coursework/journal/locale with glob **/*.mo.
Watching dir /home/businka/coursework/journal/accounts/locale with glob **/*.mo.
(0.004) 
            SELECT
                c.relname,
                CASE
                    WHEN c.relispartition THEN 'p'
                    WHEN c.relkind IN ('m', 'v') THEN 'v'
                    ELSE 't'
                END,
                obj_description(c.oid, 'pg_class')
            FROM pg_catalog.pg_class c
            LEFT JOIN pg_catalog.pg_namespace n ON n.oid = c.relnamespace
            WHERE c.relkind IN ('f', 'm', 'p', 'r', 'v')
                AND n.nspname NOT IN ('pg_catalog', 'pg_toast')
                AND pg_catalog.pg_table_is_visible(c.oid)
        ; args=None; alias=default
(0.001) SELECT "django_migrations"."id", "django_migrations"."app", "django_migrations"."name", "django_migrations"."applied" FROM "django_migrations"; args=(); alias=default
File /home/businka/.local/lib/python3.10/site-packages/django/template/backends/base.py first seen with mtime 1733555706.8907447
File /usr/lib/python3.10/posixpath.py first seen with mtime 1730924533.0
File /home/businka/.local/lib/python3.10/site-packages/django/contrib/contenttypes/admin.py first seen with mtime 1733555706.5907447
File /home/businka/.local/lib/python3.10/site-packages/django/contrib/auth/validators.py first seen with mtime 1733555706.5607448
File /home/businka/.local/lib/python3.10/site-packages/django/db/transaction.py first seen with mtime 1733555706.8507447
File /usr/lib/python3.10/asyncio/base_events.py first seen with mtime 1730924533.0
File /usr/lib/python3.10/wsgiref/__init__.py first seen with mtime 1730924533.0
File /usr/lib/python3.10/enum.py first seen with mtime 1730924533.0
File /home/businka/coursework/journal/accounts/forms.py first seen with mtime 1734246179.413218
File /usr/lib/python3.10/asyncio/base_futures.py first seen with mtime 1730924533.0
File /home/businka/.local/lib/python3.10/site-packages/sqlparse/engine/statement_splitter.py first seen with mtime 1733555706.2807448
File /home/businka/.local/lib/python3.10/site-packages/django/contrib/staticfiles/management/commands/runserver.py first seen with mtime 1733555706.8407447
File /home/businka/.local/lib/python3.10/site-packages/django/utils/deconstruct.py first seen with mtime 1733555706.8907447
File /usr/lib/python3.10/encodings/aliases.py first seen with mtime 1730924533.0
File /home/businka/.local/lib/python3.10/site-packages/django/db/models/fields/reverse_related.py first seen with mtime 1733555706.8707447
File /home/businka/.local/lib/python3.10/site-packages/django/contrib/auth/decorators.py first seen with mtime 1733555706.5607448
File /home/businka/coursework/journal/journal/urls.py first seen with mtime 1733581765.7466383
File /usr/lib/python3.10/asyncio/protocols.py first seen with mtime 1730924533.0
File /home/businka/.local/lib/python3.10/site-packages/django/core/management/__init__.py first seen with mtime 1733555706.8507447
File /usr/lib/python3.10/asyncio/constants.py first seen with mtime 1730924533.0
File /home/businka/.local/lib/python3.10/site-packages/django/db/migrations/operations/base.py first seen with mtime 1733555706.8607447
File /home/businka/.local/lib/python3.10/site-packages/django/db/models/sql/constants.py first seen with mtime 1733555706.8707447
File /home/businka/.local/lib/python3.10/site-packages/django/utils/regex_helper.py first seen with mtime 1733555706.8907447
File /home/businka/.local/lib/python3.10/site-packages/django/template/backends/__init__.py first seen with mtime 1733555706.8907447
File /home/businka/.local/lib/python3.10/site-packages/django/contrib/auth/admin.py first seen with mtime 1733555706.5607448
File /home/businka/.local/lib/python3.10/site-packages/django/template/utils.py first seen with mtime 1733555706.8907447
File /home/businka/.local/lib/python3.10/site-packages/django/core/files/locks.py first seen with mtime 1733555706.8507447
File /usr/lib/python3.10/base64.py first seen with mtime 1730924533.0
File /home/businka/.local/lib/python3.10/site-packages/django/contrib/admin/views/autocomplete.py first seen with mtime 1733555706.5207448
File /home/businka/.local/lib/python3.10/site-packages/django/core/checks/files.py first seen with mtime 1733555706.8407447
File /home/businka/.local/lib/python3.10/site-packages/django/db/models/enums.py first seen with mtime 1733555706.8707447
File /usr/lib/python3.10/_sitebuiltins.py first seen with mtime 1730924533.0
File /home/businka/.local/lib/python3.10/site-packages/django/contrib/staticfiles/utils.py first seen with mtime 1733555706.8407447
File /home/businka/.local/lib/python3.10/site-packages/django/db/models/constraints.py first seen with mtime 1733555706.8707447
File /usr/lib/python3.10/zoneinfo/__init__.py first seen with mtime 1730924533.0
File /usr/lib/python3.10/sre_parse.py first seen with mtime 1730924533.0
File /usr/lib/python3.10/concurrent/__init__.py first seen with mtime 1730924533.0
File /usr/lib/python3.10/stat.py first seen with mtime 1730924533.0
File /home/businka/.local/lib/python3.10/site-packages/django/db/models/base.py first seen with mtime 1733555706.8607447
File /home/businka/.local/lib/python3.10/site-packages/sqlparse/exceptions.py first seen with mtime 1733555706.2807448
File /usr/lib/python3.10/threading.py first seen with mtime 1730924533.0
File /home/businka/.local/lib/python3.10/site-packages/django/contrib/staticfiles/__init__.py first seen with mtime 1733555706.8407447
File /home/businka/.local/lib/python3.10/site-packages/django/contrib/sessions/models.py first seen with mtime 1733555706.7807448
File /home/businka/.local/lib/python3.10/site-packages/django/views/generic/detail.py first seen with mtime 1733555706.9007447
File /home/businka/.local/lib/python3.10/site-packages/django/db/migrations/operations/__init__.py first seen with mtime 1733555706.8607447
File /home/businka/.local/lib/python3.10/site-packages/django/contrib/admin/widgets.py first seen with mtime 1733555706.4407449
File /home/businka/.local/lib/python3.10/site-packages/django/core/files/storage/handler.py first seen with mtime 1733555706.8507447
File /usr/lib/python3.10/email/mime/message.py first seen with mtime 1730924533.0
File /home/businka/.local/lib/python3.10/site-packages/django/utils/termcolors.py first seen with mtime 1733555706.8907447
File /usr/lib/python3.10/email/mime/text.py first seen with mtime 1730924533.0
File /home/businka/.local/lib/python3.10/site-packages/django/contrib/contenttypes/__init__.py first seen with mtime 1733555706.5907447
File /usr/lib/python3.10/zoneinfo/_common.py first seen with mtime 1730924533.0
File /home/businka/.local/lib/python3.10/site-packages/django/utils/hashable.py first seen with mtime 1733555706.8907447
File /home/businka/.local/lib/python3.10/site-packages/django/contrib/admin/templatetags/log.py first seen with mtime 1733555706.5207448
File /usr/lib/python3.10/_sysconfigdata__x86_64-linux-gnu.py first seen with mtime 1730924533.0
File /home/businka/.local/lib/python3.10/site-packages/django/db/utils.py first seen with mtime 1733555706.8507447
File /home/businka/.local/lib/python3.10/site-packages/django/apps/config.py first seen with mtime 1733555706.370745
File /usr/lib/python3.10/asyncio/events.py first seen with mtime 1730924533.0
File /usr/lib/python3.10/_markupbase.py first seen with mtime 1730924533.0
File /home/businka/.local/lib/python3.10/site-packages/django/core/servers/__init__.py first seen with mtime 1733555706.8507447
File /usr/lib/python3.10/email/contentmanager.py first seen with mtime 1730924533.0
File /home/businka/.local/lib/python3.10/site-packages/django/db/__init__.py first seen with mtime 1733555706.8507447
File /usr/lib/python3.10/contextlib.py first seen with mtime 1730924533.0
File /usr/lib/python3.10/json/__init__.py first seen with mtime 1730924533.0
File /usr/lib/python3.10/logging/handlers.py first seen with mtime 1730924533.0
File /home/businka/.local/lib/python3.10/site-packages/django/db/models/__init__.py first seen with mtime 1733555706.8607447
File /home/businka/.local/lib/python3.10/site-packages/django/utils/deprecation.py first seen with mtime 1733555706.8907447
File /home/businka/.local/lib/python3.10/site-packages/django/core/validators.py first seen with mtime 1733555706.8407447
File /home/businka/.local/lib/python3.10/site-packages/django/core/paginator.py first seen with mtime 1733555706.8407447
File /usr/lib/python3.10/email/utils.py first seen with mtime 1730924533.0
File /home/businka/.local/lib/python3.10/site-packages/django/db/migrations/operations/models.py first seen with mtime 1733555706.8607447
File /home/businka/.local/lib/python3.10/site-packages/django/core/checks/messages.py first seen with mtime 1733555706.8407447
File /home/businka/.local/lib/python3.10/site-packages/django/utils/duration.py first seen with mtime 1733555706.8907447
File /home/businka/.local/lib/python3.10/site-packages/django/contrib/auth/__init__.py first seen with mtime 1733555706.5507448
File /usr/lib/python3.10/locale.py first seen with mtime 1730924533.0
File /home/businka/.local/lib/python3.10/site-packages/django/core/files/images.py first seen with mtime 1733555706.8507447
File /home/businka/coursework/journal/manage.py first seen with mtime 1733566108.4676101
File /home/businka/.local/lib/python3.10/site-packages/django/contrib/messages/utils.py first seen with mtime 1733555706.7207448
File /usr/lib/python3.10/email/__init__.py first seen with mtime 1730924533.0
File /usr/lib/python3.10/importlib/_abc.py first seen with mtime 1730924533.0
File /home/businka/.local/lib/python3.10/site-packages/django/urls/conf.py first seen with mtime 1733555706.8907447
File /home/businka/.local/lib/python3.10/site-packages/django/db/models/aggregates.py first seen with mtime 1733555706.8607447
File /home/businka/.local/lib/python3.10/site-packages/django/template/engine.py first seen with mtime 1733555706.8907447
File /home/businka/.local/lib/python3.10/site-packages/django/contrib/auth/base_user.py first seen with mtime 1733555706.5607448
File /home/businka/.local/lib/python3.10/site-packages/django/utils/dateparse.py first seen with mtime 1733555706.8907447
File /home/businka/.local/lib/python3.10/site-packages/django/contrib/contenttypes/checks.py first seen with mtime 1733555706.5907447
File /home/businka/.local/lib/python3.10/site-packages/sqlparse/filters/others.py first seen with mtime 1733555706.2807448
File /home/businka/.local/lib/python3.10/site-packages/django/contrib/staticfiles/apps.py first seen with mtime 1733555706.8407447
File /usr/lib/python3.10/lib-dynload/_hashlib.cpython-310-x86_64-linux-gnu.so first seen with mtime 1730924533.0
File /usr/lib/python3.10/graphlib.py first seen with mtime 1730924533.0
File /home/businka/.local/lib/python3.10/site-packages/django/contrib/auth/hashers.py first seen with mtime 1733555706.5607448
File /usr/lib/python3.10/asyncio/log.py first seen with mtime 1730924533.0
File /usr/lib/python3.10/warnings.py first seen with mtime 1730924533.0
File /home/businka/.local/lib/python3.10/site-packages/django/core/signing.py first seen with mtime 1733555706.8407447
File /home/businka/.local/lib/python3.10/site-packages/django/contrib/messages/__init__.py first seen with mtime 1733555706.7207448
File /home/businka/.local/lib/python3.10/site-packages/sqlparse/__init__.py first seen with mtime 1733555706.2807448
File /home/businka/.local/lib/python3.10/site-packages/django/contrib/contenttypes/apps.py first seen with mtime 1733555706.5907447
File /home/businka/.local/lib/python3.10/site-packages/django/contrib/contenttypes/fields.py first seen with mtime 1733555706.5907447
File /home/businka/.local/lib/python3.10/site-packages/django/db/models/sql/query.py first seen with mtime 1733555706.8707447
File /usr/lib/python3.10/mimetypes.py first seen with mtime 1730924533.0
File /home/businka/.local/lib/python3.10/site-packages/django/core/exceptions.py first seen with mtime 1733555706.8407447
File /home/businka/.local/lib/python3.10/site-packages/django/db/backends/utils.py first seen with mtime 1733555706.8507447
File /home/businka/.local/lib/python3.10/site-packages/sqlparse/filters/output.py first seen with mtime 1733555706.2807448
File /usr/lib/python3.10/ntpath.py first seen with mtime 1730924533.0
File /home/businka/.local/lib/python3.10/site-packages/django/template/smartif.py first seen with mtime 1733555706.8907447
File /home/businka/.local/lib/python3.10/site-packages/django/contrib/admin/templatetags/admin_list.py first seen with mtime 1733555706.5207448
File /home/businka/.local/lib/python3.10/site-packages/django/template/response.py first seen with mtime 1733555706.8907447
File /usr/lib/python3.10/lib-dynload/termios.cpython-310-x86_64-linux-gnu.so first seen with mtime 1730924533.0
File /home/businka/.local/lib/python3.10/site-packages/django/apps/__init__.py first seen with mtime 1733555706.370745
File /home/businka/.local/lib/python3.10/site-packages/django/forms/utils.py first seen with mtime 1733555706.8707447
File /home/businka/.local/lib/python3.10/site-packages/django/core/checks/compatibility/__init__.py first seen with mtime 1733555706.8407447
File /home/businka/.local/lib/python3.10/site-packages/django/views/debug.py first seen with mtime 1733555706.8907447
File /home/businka/.local/lib/python3.10/site-packages/django/contrib/admin/options.py first seen with mtime 1733555706.4407449
File /usr/lib/python3.10/numbers.py first seen with mtime 1730924533.0
File /home/businka/.local/lib/python3.10/site-packages/django/utils/autoreload.py first seen with mtime 1733555706.8907447
File /home/businka/.local/lib/python3.10/site-packages/django/db/models/functions/text.py first seen with mtime 1733555706.8707447
File /home/businka/.local/lib/python3.10/site-packages/django/contrib/auth/checks.py first seen with mtime 1733555706.5607448
File /home/businka/.local/lib/python3.10/site-packages/django/db/models/lookups.py first seen with mtime 1733555706.8707447
File /home/businka/.local/lib/python3.10/site-packages/django/core/files/uploadedfile.py first seen with mtime 1733555706.8507447
File /usr/lib/python3.10/importlib/util.py first seen with mtime 1730924533.0
File /home/businka/.local/lib/python3.10/site-packages/django/db/backends/base/schema.py first seen with mtime 1733555706.8507447
File /home/businka/.local/lib/python3.10/site-packages/django/core/handlers/exception.py first seen with mtime 1733555706.8507447
File /home/businka/.local/lib/python3.10/site-packages/django/utils/tree.py first seen with mtime 1733555706.8907447
File /home/businka/.local/lib/python3.10/site-packages/django/core/checks/__init__.py first seen with mtime 1733555706.8407447
File /usr/lib/python3.10/ipaddress.py first seen with mtime 1730924533.0
File /home/businka/.local/lib/python3.10/site-packages/django/utils/log.py first seen with mtime 1733555706.8907447
File /usr/lib/python3.10/types.py first seen with mtime 1730924533.0
File /home/businka/.local/lib/python3.10/site-packages/sqlparse/filters/tokens.py first seen with mtime 1733555706.2807448
File /usr/lib/python3.10/asyncio/mixins.py first seen with mtime 1730924533.0
File /home/businka/.local/lib/python3.10/site-packages/django/contrib/auth/apps.py first seen with mtime 1733555706.5607448
File /home/businka/.local/lib/python3.10/site-packages/django/utils/lorem_ipsum.py first seen with mtime 1733555706.8907447
File /home/businka/.local/lib/python3.10/site-packages/django/contrib/__init__.py first seen with mtime 1733555706.4407449
File /home/businka/.local/lib/python3.10/site-packages/django/contrib/contenttypes/forms.py first seen with mtime 1733555706.5907447
File /usr/lib/python3.10/email/policy.py first seen with mtime 1730924533.0
File /usr/lib/python3.10/signal.py first seen with mtime 1730924533.0
File /home/businka/.local/lib/python3.10/site-packages/django/contrib/sessions/base_session.py first seen with mtime 1733555706.7807448
File /home/businka/.local/lib/python3.10/site-packages/sqlparse/lexer.py first seen with mtime 1733555706.2807448
File /home/businka/.local/lib/python3.10/site-packages/django/contrib/messages/apps.py first seen with mtime 1733555706.7207448
File /home/businka/.local/lib/python3.10/site-packages/django/db/migrations/operations/special.py first seen with mtime 1733555706.8607447
File /usr/lib/python3.10/email/encoders.py first seen with mtime 1730924533.0
File /usr/lib/python3.10/random.py first seen with mtime 1730924533.0
File /home/businka/.local/lib/python3.10/site-packages/django/contrib/auth/forms.py first seen with mtime 1733555706.5607448
File /home/businka/.local/lib/python3.10/site-packages/django/contrib/admin/templatetags/base.py first seen with mtime 1733555706.5207448
File /home/businka/.local/lib/python3.10/site-packages/django/db/backends/base/base.py first seen with mtime 1733555706.8507447
File /usr/lib/python3.10/platform.py first seen with mtime 1730924533.0
File /usr/lib/python3.10/_weakrefset.py first seen with mtime 1730924533.0
File /usr/lib/python3.10/html/__init__.py first seen with mtime 1730924533.0
File /home/businka/.local/lib/python3.10/site-packages/django/core/files/move.py first seen with mtime 1733555706.8507447
File /usr/lib/python3.10/lzma.py first seen with mtime 1730924533.0
File /usr/lib/python3.10/site.py first seen with mtime 1730924533.0
File /usr/lib/python3.10/concurrent/futures/thread.py first seen with mtime 1730924533.0
File /home/businka/.local/lib/python3.10/site-packages/django/forms/fields.py first seen with mtime 1733555706.8707447
File /home/businka/.local/lib/python3.10/site-packages/django/template/defaultfilters.py first seen with mtime 1733555706.8907447
File /home/businka/.local/lib/python3.10/site-packages/django/db/models/fields/mixins.py first seen with mtime 1733555706.8707447
File /usr/lib/python3.10/asyncio/unix_events.py first seen with mtime 1730924533.0
File /usr/lib/python3.10/wsgiref/simple_server.py first seen with mtime 1730924533.0
File /usr/lib/python3.10/asyncio/exceptions.py first seen with mtime 1730924533.0
File /home/businka/.local/lib/python3.10/site-packages/django/views/static.py first seen with mtime 1733555706.9007447
File /usr/lib/python3.10/encodings/utf_8.py first seen with mtime 1730924533.0
File /home/businka/.local/lib/python3.10/site-packages/django/db/backends/base/operations.py first seen with mtime 1733555706.8507447
File /home/businka/.local/lib/python3.10/site-packages/django/core/handlers/asgi.py first seen with mtime 1733555706.8507447
File /home/businka/.local/lib/python3.10/site-packages/django/templatetags/i18n.py first seen with mtime 1733555706.8907447
File /home/businka/.local/lib/python3.10/site-packages/django/db/models/fields/files.py first seen with mtime 1733555706.8707447
File /usr/lib/python3.10/bz2.py first seen with mtime 1730924533.0
File /usr/lib/python3.10/ast.py first seen with mtime 1730924533.0
File /home/businka/.local/lib/python3.10/site-packages/django/http/__init__.py first seen with mtime 1733555706.8807447
File /home/businka/.local/lib/python3.10/site-packages/django/views/decorators/__init__.py first seen with mtime 1733555706.9007447
File /home/businka/.local/lib/python3.10/site-packages/django/core/files/uploadhandler.py first seen with mtime 1733555706.8507447
File /home/businka/.local/lib/python3.10/site-packages/django/core/files/base.py first seen with mtime 1733555706.8507447
File /usr/lib/python3.10/pathlib.py first seen with mtime 1730924533.0
File /usr/lib/python3.10/lib-dynload/_bz2.cpython-310-x86_64-linux-gnu.so first seen with mtime 1730924533.0
File /home/businka/.local/lib/python3.10/site-packages/django/db/backends/base/client.py first seen with mtime 1733555706.8507447
File /home/businka/.local/lib/python3.10/site-packages/django/template/context.py first seen with mtime 1733555706.8807447
File /usr/lib/python3.10/hashlib.py first seen with mtime 1730924533.0
File /home/businka/.local/lib/python3.10/site-packages/django/contrib/sessions/__init__.py first seen with mtime 1733555706.7807448
File /home/businka/.local/lib/python3.10/site-packages/django/contrib/admin/templatetags/__init__.py first seen with mtime 1733555706.5207448
File /home/businka/.local/lib/python3.10/site-packages/django/db/backends/base/__init__.py first seen with mtime 1733555706.8507447
File /home/businka/.local/lib/python3.10/site-packages/django/apps/registry.py first seen with mtime 1733555706.370745
File /home/businka/.local/lib/python3.10/site-packages/django/templatetags/l10n.py first seen with mtime 1733555706.8907447
File /usr/lib/python3.10/difflib.py first seen with mtime 1730924533.0
File /home/businka/.local/lib/python3.10/site-packages/django/views/generic/base.py first seen with mtime 1733555706.9007447
File /home/businka/.local/lib/python3.10/site-packages/django/contrib/sites/shortcuts.py first seen with mtime 1733555706.8107448
File /home/businka/.local/lib/python3.10/site-packages/django/db/models/sql/subqueries.py first seen with mtime 1733555706.8707447
File /usr/lib/python3.10/_compat_pickle.py first seen with mtime 1730924533.0
File /home/businka/.local/lib/python3.10/site-packages/django/forms/forms.py first seen with mtime 1733555706.8707447
File /home/businka/.local/lib/python3.10/site-packages/django/dispatch/dispatcher.py first seen with mtime 1733555706.8707447
File /usr/lib/python3.10/asyncio/base_subprocess.py first seen with mtime 1730924533.0
File /usr/lib/python3.10/json/decoder.py first seen with mtime 1730924533.0
File /usr/lib/python3.10/contextvars.py first seen with mtime 1730924533.0
File /home/businka/.local/lib/python3.10/site-packages/django/core/handlers/__init__.py first seen with mtime 1733555706.8507447
File /usr/lib/python3.10/lib-dynload/_lzma.cpython-310-x86_64-linux-gnu.so first seen with mtime 1730924533.0
File /usr/lib/python3.10/collections/abc.py first seen with mtime 1730924533.0
File /usr/lib/python3.10/lib-dynload/_json.cpython-310-x86_64-linux-gnu.so first seen with mtime 1730924533.0
File /home/businka/.local/lib/python3.10/site-packages/django/core/checks/compatibility/django_4_0.py first seen with mtime 1733555706.8407447
File /home/businka/.local/lib/python3.10/site-packages/django/core/files/__init__.py first seen with mtime 1733555706.8507447
File /home/businka/.local/lib/python3.10/site-packages/django/core/serializers/base.py first seen with mtime 1733555706.8507447
File /usr/lib/python3.10/re.py first seen with mtime 1730924533.0
File /usr/lib/python3.10/calendar.py first seen with mtime 1730924533.0
File /usr/lib/python3.10/lib-dynload/_ssl.cpython-310-x86_64-linux-gnu.so first seen with mtime 1730924533.0
File /home/businka/.local/lib/python3.10/site-packages/psycopg2/_range.py first seen with mtime 1733565683.497736
File /usr/lib/python3.10/urllib/request.py first seen with mtime 1730924533.0
File /usr/lib/python3.10/dataclasses.py first seen with mtime 1730924533.0
File /usr/lib/python3.10/asyncio/trsock.py first seen with mtime 1730924533.0
File /usr/lib/python3.10/selectors.py first seen with mtime 1730924533.0
File /usr/lib/python3.10/email/charset.py first seen with mtime 1730924533.0
File /home/businka/.local/lib/python3.10/site-packages/django/core/checks/caches.py first seen with mtime 1733555706.8407447
File /usr/lib/python3.10/email/feedparser.py first seen with mtime 1730924533.0
File /usr/lib/python3.10/email/header.py first seen with mtime 1730924533.0
File /usr/lib/python3.10/email/_encoded_words.py first seen with mtime 1730924533.0
File /usr/lib/python3.10/json/scanner.py first seen with mtime 1730924533.0
File /home/businka/.local/lib/python3.10/site-packages/django/views/generic/__init__.py first seen with mtime 1733555706.9007447
File /home/businka/.local/lib/python3.10/site-packages/django/db/backends/postgresql/schema.py first seen with mtime 1733555706.8607447
File /usr/lib/python3.10/keyword.py first seen with mtime 1730924533.0
File /usr/lib/python3.10/bisect.py first seen with mtime 1730924533.0
File /usr/lib/python3.10/asyncio/__init__.py first seen with mtime 1730924533.0
File /home/businka/.local/lib/python3.10/site-packages/django/conf/locale/__init__.py first seen with mtime 1733555706.370745
File /home/businka/.local/lib/python3.10/site-packages/django/forms/renderers.py first seen with mtime 1733555706.8707447
File /home/businka/.local/lib/python3.10/site-packages/django/utils/http.py first seen with mtime 1733555706.8907447
File /home/businka/.local/lib/python3.10/site-packages/django/core/files/storage/base.py first seen with mtime 1733555706.8507447
File /home/businka/.local/lib/python3.10/site-packages/django/db/models/sql/__init__.py first seen with mtime 1733555706.8707447
File /home/businka/.local/lib/python3.10/site-packages/django/utils/ipv6.py first seen with mtime 1733555706.8907447
File /home/businka/.local/lib/python3.10/site-packages/django/db/models/manager.py first seen with mtime 1733555706.8707447
File /home/businka/.local/lib/python3.10/site-packages/psycopg2/_psycopg.cpython-310-x86_64-linux-gnu.so first seen with mtime 1733565683.497736
File /usr/lib/python3.10/logging/config.py first seen with mtime 1730924533.0
File /home/businka/.local/lib/python3.10/site-packages/django/utils/inspect.py first seen with mtime 1733555706.8907447
File /usr/lib/python3.10/copy.py first seen with mtime 1730924533.0
File /home/businka/.local/lib/python3.10/site-packages/psycopg2/errors.py first seen with mtime 1733565683.4877357
File /home/businka/coursework/journal/accounts/views.py first seen with mtime 1734275411.2237883
File /home/businka/.local/lib/python3.10/site-packages/django/db/models/utils.py first seen with mtime 1733555706.8707447
File /home/businka/.local/lib/python3.10/site-packages/django/contrib/sessions/apps.py first seen with mtime 1733555706.7807448
File /home/businka/.local/lib/python3.10/site-packages/django/db/backends/base/introspection.py first seen with mtime 1733555706.8507447
File /usr/lib/python3.10/email/_policybase.py first seen with mtime 1730924533.0
File /home/businka/.local/lib/python3.10/site-packages/django/utils/asyncio.py first seen with mtime 1733555706.8907447
File /usr/lib/python3.10/email/message.py first seen with mtime 1730924533.0
File /home/businka/.local/lib/python3.10/site-packages/django/utils/translation/trans_real.py first seen with mtime 1733555706.8907447
File /usr/lib/python3.10/email/parser.py first seen with mtime 1730924533.0
File /usr/lib/python3.10/lib-dynload/_queue.cpython-310-x86_64-linux-gnu.so first seen with mtime 1730924533.0
File /home/businka/.local/lib/python3.10/site-packages/sqlparse/filters/aligned_indent.py first seen with mtime 1733555706.2807448
File /usr/lib/python3.10/sre_compile.py first seen with mtime 1730924533.0
File /home/businka/.local/lib/python3.10/site-packages/asgiref/current_thread_executor.py first seen with mtime 1733555706.310745
File /home/businka/.local/lib/python3.10/site-packages/django/contrib/admin/views/main.py first seen with mtime 1733555706.5207448
File /home/businka/.local/lib/python3.10/site-packages/django/template/backends/django.py first seen with mtime 1733555706.8907447
File /home/businka/.local/lib/python3.10/site-packages/django/core/serializers/__init__.py first seen with mtime 1733555706.8507447
File /home/businka/.local/lib/python3.10/site-packages/django/db/models/functions/mixins.py first seen with mtime 1733555706.8707447
File /usr/lib/python3.10/asyncio/base_tasks.py first seen with mtime 1730924533.0
File /home/businka/.local/lib/python3.10/site-packages/django/contrib/admin/templatetags/admin_urls.py first seen with mtime 1733555706.5207448
File /usr/lib/python3.10/http/server.py first seen with mtime 1730924533.0
File /usr/lib/python3.10/urllib/__init__.py first seen with mtime 1730924533.0
File /home/businka/coursework/journal/accounts/admin.py first seen with mtime 1734256026.8601325
File /usr/lib/python3.10/asyncio/queues.py first seen with mtime 1730924533.0
File /home/businka/.local/lib/python3.10/site-packages/django/contrib/contenttypes/management/__init__.py first seen with mtime 1733555706.6207447
File /home/businka/.local/lib/python3.10/site-packages/django/urls/exceptions.py first seen with mtime 1733555706.8907447
File /home/businka/.local/lib/python3.10/site-packages/django/forms/widgets.py first seen with mtime 1733555706.8707447
File /usr/lib/python3.10/uuid.py first seen with mtime 1730924533.0
File /home/businka/.local/lib/python3.10/site-packages/django/db/models/functions/datetime.py first seen with mtime 1733555706.8707447
File /usr/lib/python3.10/email/quoprimime.py first seen with mtime 1730924533.0
File /usr/lib/python3.10/secrets.py first seen with mtime 1730924533.0
File /home/businka/.local/lib/python3.10/site-packages/django/db/backends/postgresql/psycopg_any.py first seen with mtime 1733555706.8607447
File /home/businka/.local/lib/python3.10/site-packages/django/contrib/staticfiles/checks.py first seen with mtime 1733555706.8407447
File /home/businka/.local/lib/python3.10/site-packages/django/contrib/auth/signals.py first seen with mtime 1733555706.5607448
File /home/businka/.local/lib/python3.10/site-packages/django/utils/__init__.py first seen with mtime 1733555706.8907447
File /home/businka/.local/lib/python3.10/site-packages/django/contrib/staticfiles/management/commands/__init__.py first seen with mtime 1733555706.8407447
File /home/businka/.local/lib/python3.10/site-packages/django/contrib/staticfiles/management/__init__.py first seen with mtime 1733555706.8407447
File /usr/lib/python3.10/email/_parseaddr.py first seen with mtime 1730924533.0
File /home/businka/.local/lib/python3.10/site-packages/django/core/management/color.py first seen with mtime 1733555706.8507447
File /home/businka/.local/lib/python3.10/site-packages/sqlparse/utils.py first seen with mtime 1733555706.2807448
File /home/businka/.local/lib/python3.10/site-packages/django/core/files/storage/__init__.py first seen with mtime 1733555706.8507447
File /usr/lib/python3.10/importlib/__init__.py first seen with mtime 1730924533.0
File /home/businka/.local/lib/python3.10/site-packages/django/dispatch/__init__.py first seen with mtime 1733555706.8707447
File /home/businka/.local/lib/python3.10/site-packages/django/utils/translation/reloader.py first seen with mtime 1733555706.8907447
File /home/businka/.local/lib/python3.10/site-packages/psycopg2/sql.py first seen with mtime 1733565683.497736
File /home/businka/.local/lib/python3.10/site-packages/django/db/backends/postgresql/base.py first seen with mtime 1733555706.8607447
File /usr/lib/python3.10/asyncio/subprocess.py first seen with mtime 1730924533.0
File /usr/lib/python3.10/lib-dynload/_uuid.cpython-310-x86_64-linux-gnu.so first seen with mtime 1730924533.0
File /home/businka/.local/lib/python3.10/site-packages/django/db/migrations/operations/fields.py first seen with mtime 1733555706.8607447
File /home/businka/.local/lib/python3.10/site-packages/django/core/checks/urls.py first seen with mtime 1733555706.8407447
File /home/businka/.local/lib/python3.10/site-packages/django/contrib/admin/filters.py first seen with mtime 1733555706.4407449
File /usr/lib/python3.10/urllib/error.py first seen with mtime 1730924533.0
File /home/businka/.local/lib/python3.10/site-packages/django/shortcuts.py first seen with mtime 1733555706.370745
File /home/businka/.local/lib/python3.10/site-packages/django/template/loaders/base.py first seen with mtime 1733555706.8907447
File /home/businka/.local/lib/python3.10/site-packages/sqlparse/engine/__init__.py first seen with mtime 1733555706.2807448
File /home/businka/.local/lib/python3.10/site-packages/django/utils/safestring.py first seen with mtime 1733555706.8907447
File /home/businka/.local/lib/python3.10/site-packages/django/contrib/admin/helpers.py first seen with mtime 1733555706.4407449
File /usr/lib/python3.10/urllib/parse.py first seen with mtime 1730924533.0
File /home/businka/.local/lib/python3.10/site-packages/django/urls/base.py first seen with mtime 1733555706.8907447
File /home/businka/.local/lib/python3.10/site-packages/django/utils/_os.py first seen with mtime 1733555706.8907447
File /home/businka/.local/lib/python3.10/site-packages/django/template/loaders/cached.py first seen with mtime 1733555706.8907447
File /home/businka/.local/lib/python3.10/site-packages/django/core/serializers/json.py first seen with mtime 1733555706.8507447
File /home/businka/.local/lib/python3.10/site-packages/django/db/backends/postgresql/operations.py first seen with mtime 1733555706.8607447
File /home/businka/.local/lib/python3.10/site-packages/django/utils/connection.py first seen with mtime 1733555706.8907447
File /usr/lib/python3.10/email/base64mime.py first seen with mtime 1730924533.0
File /usr/lib/python3.10/logging/__init__.py first seen with mtime 1730924533.0
File /home/businka/.local/lib/python3.10/site-packages/django/views/i18n.py first seen with mtime 1733555706.9007447
File /home/businka/.local/lib/python3.10/site-packages/django/conf/global_settings.py first seen with mtime 1733555706.370745
File /home/businka/.local/lib/python3.10/site-packages/django/db/models/indexes.py first seen with mtime 1733555706.8707447
File /home/businka/.local/lib/python3.10/site-packages/django/views/decorators/cache.py first seen with mtime 1733555706.9007447
File /usr/lib/python3.10/asyncio/threads.py first seen with mtime 1730924533.0
File /home/businka/.local/lib/python3.10/site-packages/django/db/backends/postgresql/client.py first seen with mtime 1733555706.8607447
File /home/businka/.local/lib/python3.10/site-packages/django/db/models/sql/where.py first seen with mtime 1733555706.8707447
File /home/businka/.local/lib/python3.10/site-packages/django/db/backends/ddl_references.py first seen with mtime 1733555706.8507447
File /home/businka/.local/lib/python3.10/site-packages/django/db/backends/signals.py first seen with mtime 1733555706.8507447
File /usr/lib/python3.10/traceback.py first seen with mtime 1730924533.0
File /home/businka/.local/lib/python3.10/site-packages/django/contrib/admin/__init__.py first seen with mtime 1733555706.4407449
File /home/businka/.local/lib/python3.10/site-packages/django/db/models/functions/math.py first seen with mtime 1733555706.8707447
File /home/businka/.local/lib/python3.10/site-packages/django/db/backends/postgresql/__init__.py first seen with mtime 1733555706.8607447
File /home/businka/.local/lib/python3.10/site-packages/django/urls/utils.py first seen with mtime 1733555706.8907447
File /home/businka/.local/lib/python3.10/site-packages/django/core/handlers/wsgi.py first seen with mtime 1733555706.8507447
File /home/businka/.local/lib/python3.10/site-packages/django/core/checks/async_checks.py first seen with mtime 1733555706.8407447
File /home/businka/.local/lib/python3.10/site-packages/sqlparse/engine/filter_stack.py first seen with mtime 1733555706.2807448
File /home/businka/.local/lib/python3.10/site-packages/django/contrib/admin/views/__init__.py first seen with mtime 1733555706.5207448
File /usr/lib/python3.10/email/_header_value_parser.py first seen with mtime 1730924533.0
File /home/businka/.local/lib/python3.10/site-packages/django/template/loaders/__init__.py first seen with mtime 1733555706.8907447
File /usr/lib/python3.10/email/mime/multipart.py first seen with mtime 1730924533.0
File /home/businka/coursework/journal/accounts/__init__.py first seen with mtime 1733566144.437597
File /usr/lib/python3.10/heapq.py first seen with mtime 1730924533.0
File /usr/lib/python3.10/asyncio/transports.py first seen with mtime 1730924533.0
File /home/businka/.local/lib/python3.10/site-packages/psycopg2/extras.py first seen with mtime 1733565683.497736
File /home/businka/.local/lib/python3.10/site-packages/django/urls/__init__.py first seen with mtime 1733555706.8907447
File /home/businka/.local/lib/python3.10/site-packages/django/db/models/fields/json.py first seen with mtime 1733555706.8707447
File /home/businka/.local/lib/python3.10/site-packages/django/http/multipartparser.py first seen with mtime 1733555706.8807447
File /home/businka/.local/lib/python3.10/site-packages/django/core/files/storage/filesystem.py first seen with mtime 1733555706.8507447
File /usr/lib/python3.10/pickle.py first seen with mtime 1730924533.0
File /home/businka/.local/lib/python3.10/site-packages/django/http/cookie.py first seen with mtime 1733555706.8807447
File /usr/lib/python3.10/functools.py first seen with mtime 1730924533.0
File /home/businka/.local/lib/python3.10/site-packages/django/db/backends/base/validation.py first seen with mtime 1733555706.8507447
File /usr/lib/python3.10/html/parser.py first seen with mtime 1730924533.0
File /home/businka/.local/lib/python3.10/site-packages/django/contrib/staticfiles/finders.py first seen with mtime 1733555706.8407447
File /usr/lib/python3.10/lib-dynload/_decimal.cpython-310-x86_64-linux-gnu.so first seen with mtime 1730924533.0
File /home/businka/.local/lib/python3.10/site-packages/django/views/generic/dates.py first seen with mtime 1733555706.9007447
File /home/businka/.local/lib/python3.10/site-packages/django/core/serializers/python.py first seen with mtime 1733555706.8507447
File /home/businka/.local/lib/python3.10/site-packages/django/template/library.py first seen with mtime 1733555706.8907447
File /home/businka/.local/lib/python3.10/site-packages/django/contrib/admin/models.py first seen with mtime 1733555706.4407449
File /home/businka/coursework/journal/accounts/models.py first seen with mtime 1734275336.842957
File /home/businka/.local/lib/python3.10/site-packages/django/utils/encoding.py first seen with mtime 1733555706.8907447
File /home/businka/.local/lib/python3.10/site-packages/django/utils/version.py first seen with mtime 1733555706.8907447
File /home/businka/.local/lib/python3.10/site-packages/django/core/signals.py first seen with mtime 1733555706.8407447
File /home/businka/.local/lib/python3.10/site-packages/sqlparse/filters/__init__.py first seen with mtime 1733555706.2807448
File /home/businka/.local/lib/python3.10/site-packages/django/forms/boundfield.py first seen with mtime 1733555706.8707447
File /home/businka/.local/lib/python3.10/site-packages/django/core/mail/__init__.py first seen with mtime 1733555706.8507447
File /home/businka/.local/lib/python3.10/site-packages/django/templatetags/cache.py first seen with mtime 1733555706.8907447
File /home/businka/.local/lib/python3.10/site-packages/django/core/checks/security/base.py first seen with mtime 1733555706.8407447
File /usr/lib/python3.10/lib-dynload/_zoneinfo.cpython-310-x86_64-linux-gnu.so first seen with mtime 1730924533.0
File /usr/lib/python3.10/html/entities.py first seen with mtime 1730924533.0
File /usr/lib/python3.10/wsgiref/handlers.py first seen with mtime 1730924533.0
File /usr/lib/python3.10/lib-dynload/_asyncio.cpython-310-x86_64-linux-gnu.so first seen with mtime 1730924533.0
File /usr/lib/python3.10/linecache.py first seen with mtime 1730924533.0
File /home/businka/.local/lib/python3.10/site-packages/django/core/handlers/base.py first seen with mtime 1733555706.8507447
File /home/businka/.local/lib/python3.10/site-packages/django/template/loaders/filesystem.py first seen with mtime 1733555706.8907447
File /home/businka/.local/lib/python3.10/site-packages/django/utils/dateformat.py first seen with mtime 1733555706.8907447
File /home/businka/coursework/journal/accounts/apps.py first seen with mtime 1733566144.437597
File /home/businka/coursework/journal/journal/views.py first seen with mtime 1733581608.2923362
File /home/businka/.local/lib/python3.10/site-packages/django/contrib/staticfiles/views.py first seen with mtime 1733555706.8407447
File /home/businka/.local/lib/python3.10/site-packages/django/conf/__init__.py first seen with mtime 1733555706.370745
File /home/businka/.local/lib/python3.10/site-packages/django/contrib/messages/storage/base.py first seen with mtime 1733555706.7207448
File /usr/lib/python3.10/asyncio/runners.py first seen with mtime 1730924533.0
File /usr/lib/python3.10/argparse.py first seen with mtime 1730924533.0
File /home/businka/.local/lib/python3.10/site-packages/django/utils/functional.py first seen with mtime 1733555706.8907447
File /home/businka/.local/lib/python3.10/site-packages/django/core/checks/templates.py first seen with mtime 1733555706.8407447
File /home/businka/.local/lib/python3.10/site-packages/django/contrib/contenttypes/views.py first seen with mtime 1733555706.5907447
File /usr/lib/python3.10/wsgiref/headers.py first seen with mtime 1730924533.0
File /home/businka/.local/lib/python3.10/site-packages/django/urls/converters.py first seen with mtime 1733555706.8907447
File /home/businka/.local/lib/python3.10/site-packages/sqlparse/filters/right_margin.py first seen with mtime 1733555706.2807448
File /usr/lib/python3.10/shutil.py first seen with mtime 1730924533.0
File /home/businka/.local/lib/python3.10/site-packages/django/utils/cache.py first seen with mtime 1733555706.8907447
File /home/businka/.local/lib/python3.10/site-packages/django/utils/decorators.py first seen with mtime 1733555706.8907447
File /home/businka/.local/lib/python3.10/site-packages/django/views/decorators/csrf.py first seen with mtime 1733555706.9007447
File /home/businka/.local/lib/python3.10/site-packages/django/contrib/admin/sites.py first seen with mtime 1733555706.4407449
File /home/businka/.local/lib/python3.10/site-packages/django/core/checks/security/__init__.py first seen with mtime 1733555706.8407447
File /usr/lib/python3.10/hmac.py first seen with mtime 1730924533.0
File /usr/lib/python3.10/codecs.py first seen with mtime 1730924533.0
File /usr/lib/python3.10/asyncio/staggered.py first seen with mtime 1730924533.0
File /usr/lib/python3.10/copyreg.py first seen with mtime 1730924533.0
File /usr/lib/python3.10/datetime.py first seen with mtime 1730924533.0
File /home/businka/.local/lib/python3.10/site-packages/django/core/files/utils.py first seen with mtime 1733555706.8507447
File /usr/lib/python3.10/http/cookies.py first seen with mtime 1730924533.0
File /usr/lib/python3.10/quopri.py first seen with mtime 1730924533.0
File /home/businka/.local/lib/python3.10/site-packages/asgiref/__init__.py first seen with mtime 1733555706.310745
File /usr/lib/python3.10/tempfile.py first seen with mtime 1730924533.0
File /home/businka/.local/lib/python3.10/site-packages/sqlparse/formatter.py first seen with mtime 1733555706.2807448
File /home/businka/.local/lib/python3.10/site-packages/django/core/checks/security/csrf.py first seen with mtime 1733555706.8407447
File /home/businka/.local/lib/python3.10/site-packages/django/core/checks/registry.py first seen with mtime 1733555706.8407447
File /home/businka/.local/lib/python3.10/site-packages/django/contrib/staticfiles/handlers.py first seen with mtime 1733555706.8407447
File /usr/lib/python3.10/socketserver.py first seen with mtime 1730924533.0
File /home/businka/.local/lib/python3.10/site-packages/django/template/base.py first seen with mtime 1733555706.8807447
File /home/businka/.local/lib/python3.10/site-packages/sqlparse/cli.py first seen with mtime 1733555706.2807448
File /home/businka/.local/lib/python3.10/site-packages/django/contrib/messages/storage/__init__.py first seen with mtime 1733555706.7207448
File /home/businka/.local/lib/python3.10/site-packages/django/db/models/fields/generated.py first seen with mtime 1733555706.8707447
File /home/businka/.local/lib/python3.10/site-packages/django/db/backends/base/features.py first seen with mtime 1733555706.8507447
File /usr/lib/python3.10/queue.py first seen with mtime 1730924533.0
File /home/businka/.local/lib/python3.10/site-packages/django/contrib/auth/views.py first seen with mtime 1733555706.5607448
File /home/businka/.local/lib/python3.10/site-packages/django/utils/choices.py first seen with mtime 1733555706.8907447
File /home/businka/.local/lib/python3.10/site-packages/django/core/files/temp.py first seen with mtime 1733555706.8507447
File /home/businka/.local/lib/python3.10/site-packages/psycopg2/__init__.py first seen with mtime 1733565683.497736
File /usr/lib/python3.10/sre_constants.py first seen with mtime 1730924533.0
File /usr/lib/python3.10/abc.py first seen with mtime 1730924533.0
File /home/businka/.local/lib/python3.10/site-packages/django/db/models/functions/window.py first seen with mtime 1733555706.8707447
File /usr/lib/python3.10/io.py first seen with mtime 1730924533.0
File /home/businka/coursework/journal/journal/settings.py first seen with mtime 1734329951.604106
File /usr/lib/python3.10/asyncio/selector_events.py first seen with mtime 1730924533.0
File /home/businka/.local/lib/python3.10/site-packages/django/contrib/admin/decorators.py first seen with mtime 1733555706.4407449
File /home/businka/.local/lib/python3.10/site-packages/django/templatetags/tz.py first seen with mtime 1733555706.8907447
File /home/businka/.local/lib/python3.10/site-packages/django/templatetags/__init__.py first seen with mtime 1733555706.8907447
File /home/businka/.local/lib/python3.10/site-packages/django/db/models/deletion.py first seen with mtime 1733555706.8707447
File /home/businka/.local/lib/python3.10/site-packages/django/utils/text.py first seen with mtime 1733555706.8907447
File /usr/lib/python3.10/decimal.py first seen with mtime 1730924533.0
File /usr/lib/python3.10/email/generator.py first seen with mtime 1730924533.0
File /home/businka/.local/lib/python3.10/site-packages/django/contrib/admin/actions.py first seen with mtime 1733555706.4407449
File /home/businka/.local/lib/python3.10/site-packages/django/db/models/constants.py first seen with mtime 1733555706.8607447
File /home/businka/.local/lib/python3.10/site-packages/django/utils/formats.py first seen with mtime 1733555706.8907447
File /usr/lib/python3.10/json/encoder.py first seen with mtime 1730924533.0
File /usr/lib/python3.10/opcode.py first seen with mtime 1730924533.0
File /home/businka/.local/lib/python3.10/site-packages/django/contrib/admin/exceptions.py first seen with mtime 1733555706.4407449
File /home/businka/.local/lib/python3.10/site-packages/django/core/management/commands/runserver.py first seen with mtime 1733555706.8507447
File /home/businka/.local/lib/python3.10/site-packages/sqlparse/filters/reindent.py first seen with mtime 1733555706.2807448
File /usr/lib/python3.10/wsgiref/util.py first seen with mtime 1730924533.0
File /home/businka/.local/lib/python3.10/site-packages/django/db/migrations/migration.py first seen with mtime 1733555706.8607447
File /home/businka/.local/lib/python3.10/site-packages/django/template/__init__.py first seen with mtime 1733555706.8807447
File /home/businka/.local/lib/python3.10/site-packages/django/middleware/__init__.py first seen with mtime 1733555706.8807447
File /usr/lib/python3.10/asyncio/sslproto.py first seen with mtime 1730924533.0
File /home/businka/.local/lib/python3.10/site-packages/sqlparse/keywords.py first seen with mtime 1733555706.2807448
File /home/businka/coursework/journal/journal/__init__.py first seen with mtime 1733566108.4676101
File /usr/lib/python3.10/pprint.py first seen with mtime 1730924533.0
File /usr/lib/python3.10/asyncio/locks.py first seen with mtime 1730924533.0
File /usr/lib/python3.10/email/mime/base.py first seen with mtime 1730924533.0
File /home/businka/.local/lib/python3.10/site-packages/django/contrib/messages/api.py first seen with mtime 1733555706.7207448
File /usr/lib/python3.10/operator.py first seen with mtime 1730924533.0
File /usr/lib/python3.10/os.py first seen with mtime 1730924533.0
File /usr/lib/python3.10/sysconfig.py first seen with mtime 1730924533.0
File /home/businka/.local/lib/python3.10/site-packages/django/contrib/auth/tokens.py first seen with mtime 1733555706.5607448
File /usr/lib/python3.10/_compression.py first seen with mtime 1730924533.0
File /usr/lib/python3.10/genericpath.py first seen with mtime 1730924533.0
File /home/businka/.local/lib/python3.10/site-packages/django/db/backends/base/creation.py first seen with mtime 1733555706.8507447
File /home/businka/.local/lib/python3.10/site-packages/django/db/models/expressions.py first seen with mtime 1733555706.8707447
File /home/businka/.local/lib/python3.10/site-packages/django/http/response.py first seen with mtime 1733555706.8807447
File /home/businka/.local/lib/python3.10/site-packages/django/urls/resolvers.py first seen with mtime 1733555706.8907447
File /home/businka/.local/lib/python3.10/site-packages/django/db/models/signals.py first seen with mtime 1733555706.8707447
File /usr/lib/python3.10/importlib/machinery.py first seen with mtime 1730924533.0
File /home/businka/.local/lib/python3.10/site-packages/django/contrib/admin/templatetags/admin_modify.py first seen with mtime 1733555706.5207448
File /home/businka/.local/lib/python3.10/site-packages/django/middleware/csrf.py first seen with mtime 1733555706.8807447
File /usr/lib/python3.10/glob.py first seen with mtime 1730924533.0
File /home/businka/.local/lib/python3.10/site-packages/django/__init__.py first seen with mtime 1733555706.370745
File /home/businka/.local/lib/python3.10/site-packages/django/template/loader_tags.py first seen with mtime 1733555706.8907447
File /usr/lib/python3.10/gettext.py first seen with mtime 1730924533.0
File /usr/lib/python3.10/uu.py first seen with mtime 1730924533.0
File /usr/lib/python3.10/lib-dynload/_contextvars.cpython-310-x86_64-linux-gnu.so first seen with mtime 1730924533.0
File /home/businka/.local/lib/python3.10/site-packages/django/template/defaulttags.py first seen with mtime 1733555706.8907447
File /usr/lib/python3.10/fnmatch.py first seen with mtime 1730924533.0
File /usr/lib/python3.10/zoneinfo/_tzpath.py first seen with mtime 1730924533.0
File /home/businka/.local/lib/python3.10/site-packages/django/contrib/messages/constants.py first seen with mtime 1733555706.7207448
File /usr/lib/python3.10/inspect.py first seen with mtime 1730924533.0
File /home/businka/.local/lib/python3.10/site-packages/django/core/checks/database.py first seen with mtime 1733555706.8407447
File /home/businka/.local/lib/python3.10/site-packages/django/utils/module_loading.py first seen with mtime 1733555706.8907447
File /home/businka/.local/lib/python3.10/site-packages/sqlparse/tokens.py first seen with mtime 1733555706.2807448
File /home/businka/.local/lib/python3.10/site-packages/django/templatetags/static.py first seen with mtime 1733555706.8907447
File /home/businka/.local/lib/python3.10/site-packages/django/db/models/options.py first seen with mtime 1733555706.8707447
File /home/businka/.local/lib/python3.10/site-packages/django/core/checks/model_checks.py first seen with mtime 1733555706.8407447
File /home/businka/.local/lib/python3.10/site-packages/django/db/models/fields/__init__.py first seen with mtime 1733555706.8707447
File /usr/lib/python3.10/concurrent/futures/__init__.py first seen with mtime 1730924533.0
File /usr/lib/python3.10/struct.py first seen with mtime 1730924533.0
File /usr/lib/python3.10/email/iterators.py first seen with mtime 1730924533.0
File /home/businka/coursework/journal/accounts/urls.py first seen with mtime 1734274762.1965876
File /home/businka/.local/lib/python3.10/site-packages/django/template/autoreload.py first seen with mtime 1733555706.8807447
File /home/businka/.local/lib/python3.10/site-packages/django/db/models/functions/comparison.py first seen with mtime 1733555706.8707447
File /usr/lib/python3.10/collections/__init__.py first seen with mtime 1730924533.0
File /usr/lib/python3.10/email/mime/__init__.py first seen with mtime 1730924533.0
File /home/businka/.local/lib/python3.10/site-packages/django/utils/crypto.py first seen with mtime 1733555706.8907447
File /home/businka/.local/lib/python3.10/site-packages/django/core/cache/backends/base.py first seen with mtime 1733555706.8407447
File /home/businka/.local/lib/python3.10/site-packages/django/core/wsgi.py first seen with mtime 1733555706.8407447
File /usr/lib/python3.10/http/client.py first seen with mtime 1730924533.0
File /home/businka/.local/lib/python3.10/site-packages/django/db/models/fields/related_lookups.py first seen with mtime 1733555706.8707447
File /home/businka/.local/lib/python3.10/site-packages/django/contrib/admin/utils.py first seen with mtime 1733555706.4407449
File /home/businka/.local/lib/python3.10/site-packages/django/views/generic/edit.py first seen with mtime 1733555706.9007447
File /home/businka/.local/lib/python3.10/site-packages/django/contrib/contenttypes/models.py first seen with mtime 1733555706.5907447
File /home/businka/.local/lib/python3.10/site-packages/django/core/files/storage/memory.py first seen with mtime 1733555706.8507447
File /home/businka/.local/lib/python3.10/site-packages/django/template/loader.py first seen with mtime 1733555706.8907447
File /usr/lib/python3.10/http/__init__.py first seen with mtime 1730924533.0
File /usr/lib/python3.10/asyncio/coroutines.py first seen with mtime 1730924533.0
File /usr/lib/python3.10/getpass.py first seen with mtime 1730924533.0
File /usr/lib/python3.10/gzip.py first seen with mtime 1730924533.0
File /home/businka/.local/lib/python3.10/site-packages/django/core/cache/backends/filebased.py first seen with mtime 1733555706.8407447
File /home/businka/.local/lib/python3.10/site-packages/django/db/migrations/exceptions.py first seen with mtime 1733555706.8607447
File /home/businka/.local/lib/python3.10/site-packages/psycopg2/_json.py first seen with mtime 1733565683.4877357
File /usr/lib/python3.10/ssl.py first seen with mtime 1730924533.0
File /home/businka/.local/lib/python3.10/site-packages/django/utils/numberformat.py first seen with mtime 1733555706.8907447
File /usr/lib/python3.10/_collections_abc.py first seen with mtime 1730924533.0
File /home/businka/.local/lib/python3.10/site-packages/django/db/models/query_utils.py first seen with mtime 1733555706.8707447
File /home/businka/.local/lib/python3.10/site-packages/psycopg2/_ipaddress.py first seen with mtime 1733565683.497736
File /usr/lib/python3.10/asyncio/futures.py first seen with mtime 1730924533.0
File /home/businka/.local/lib/python3.10/site-packages/django/db/models/fields/related_descriptors.py first seen with mtime 1733555706.8707447
File /usr/lib/python3.10/email/errors.py first seen with mtime 1730924533.0
File /usr/lib/python3.10/lib-dynload/_opcode.cpython-310-x86_64-linux-gnu.so first seen with mtime 1730924533.0
File /home/businka/.local/lib/python3.10/site-packages/django/db/migrations/state.py first seen with mtime 1733555706.8607447
File /home/businka/.local/lib/python3.10/site-packages/django/core/cache/backends/__init__.py first seen with mtime 1733555706.8407447
File /home/businka/.local/lib/python3.10/site-packages/django/contrib/sites/requests.py first seen with mtime 1733555706.8107448
File /etc/python3.10/sitecustomize.py first seen with mtime 1648890259.0
File /usr/lib/python3.10/string.py first seen with mtime 1730924533.0
File /home/businka/.local/lib/python3.10/site-packages/django/core/mail/message.py first seen with mtime 1733555706.8507447
File /home/businka/.local/lib/python3.10/site-packages/django/contrib/auth/models.py first seen with mtime 1733555706.5607448
File /usr/lib/python3.10/weakref.py first seen with mtime 1730924533.0
File /home/businka/.local/lib/python3.10/site-packages/django/contrib/auth/password_validation.py first seen with mtime 1733555706.5607448
File /usr/lib/python3.10/urllib/response.py first seen with mtime 1730924533.0
File /home/businka/.local/lib/python3.10/site-packages/django/db/backends/__init__.py first seen with mtime 1733555706.8507447
File /home/businka/.local/lib/python3.10/site-packages/django/core/management/commands/__init__.py first seen with mtime 1733555706.8507447
File /home/businka/.local/lib/python3.10/site-packages/django/db/models/query.py first seen with mtime 1733555706.8707447
File /usr/lib/python3.10/pkgutil.py first seen with mtime 1730924533.0
File /home/businka/.local/lib/python3.10/site-packages/django/db/backends/postgresql/features.py first seen with mtime 1733555706.8607447
File /home/businka/.local/lib/python3.10/site-packages/django/core/servers/basehttp.py first seen with mtime 1733555706.8507447
File /home/businka/.local/lib/python3.10/site-packages/django/forms/__init__.py first seen with mtime 1733555706.8707447
File /home/businka/.local/lib/python3.10/site-packages/django/views/decorators/common.py first seen with mtime 1733555706.9007447
File /usr/lib/python3.10/email/headerregistry.py first seen with mtime 1730924533.0
File /home/businka/.local/lib/python3.10/site-packages/django/utils/timezone.py first seen with mtime 1733555706.8907447
File /home/businka/.local/lib/python3.10/site-packages/django/core/mail/utils.py first seen with mtime 1733555706.8507447
File /usr/lib/python3/dist-packages/apport_python_hook.py first seen with mtime 1681427306.0
File /usr/lib/python3.10/reprlib.py first seen with mtime 1730924533.0
File /usr/lib/python3.10/subprocess.py first seen with mtime 1730924533.0
File /home/businka/.local/lib/python3.10/site-packages/django/contrib/admin/checks.py first seen with mtime 1733555706.4407449
File /usr/lib/python3.10/asyncio/tasks.py first seen with mtime 1730924533.0
File /home/businka/.local/lib/python3.10/site-packages/django/views/decorators/debug.py first seen with mtime 1733555706.9007447
File /usr/lib/python3.10/email/mime/nonmultipart.py first seen with mtime 1730924533.0
File /home/businka/.local/lib/python3.10/site-packages/django/db/migrations/utils.py first seen with mtime 1733555706.8607447
File /home/businka/.local/lib/python3.10/site-packages/django/views/__init__.py first seen with mtime 1733555706.8907447
File /usr/lib/python3.10/typing.py first seen with mtime 1730924533.0
File /usr/lib/python3.10/tokenize.py first seen with mtime 1730924533.0
File /home/businka/.local/lib/python3.10/site-packages/django/db/backends/postgresql/introspection.py first seen with mtime 1733555706.8607447
File /home/businka/.local/lib/python3.10/site-packages/django/contrib/admin/apps.py first seen with mtime 1733555706.4407449
File /home/businka/.local/lib/python3.10/site-packages/django/views/generic/list.py first seen with mtime 1733555706.9007447
File /home/businka/.local/lib/python3.10/site-packages/asgiref/sync.py first seen with mtime 1733555706.310745
File /home/businka/.local/lib/python3.10/site-packages/django/db/models/functions/__init__.py first seen with mtime 1733555706.8707447
File /home/businka/.local/lib/python3.10/site-packages/django/db/models/sql/datastructures.py first seen with mtime 1733555706.8707447
File /home/businka/.local/lib/python3.10/site-packages/django/core/checks/translation.py first seen with mtime 1733555706.8407447
File /home/businka/.local/lib/python3.10/site-packages/django/db/migrations/__init__.py first seen with mtime 1733555706.8607447
File /home/businka/.local/lib/python3.10/site-packages/sqlparse/sql.py first seen with mtime 1733555706.2807448
File /home/businka/.local/lib/python3.10/site-packages/django/db/models/fields/proxy.py first seen with mtime 1733555706.8707447
File /home/businka/.local/lib/python3.10/site-packages/django/utils/timesince.py first seen with mtime 1733555706.8907447
File /usr/lib/python3.10/concurrent/futures/_base.py first seen with mtime 1730924533.0
File /home/businka/.local/lib/python3.10/site-packages/django/middleware/cache.py first seen with mtime 1733555706.8807447
File /home/businka/.local/lib/python3.10/site-packages/asgiref/local.py first seen with mtime 1733555706.310745
File /home/businka/.local/lib/python3.10/site-packages/django/core/checks/security/sessions.py first seen with mtime 1733555706.8507447
File /usr/lib/python3.10/asyncio/streams.py first seen with mtime 1730924533.0
File /home/businka/.local/lib/python3.10/site-packages/django/views/csrf.py first seen with mtime 1733555706.8907447
File /home/businka/.local/lib/python3.10/site-packages/django/forms/formsets.py first seen with mtime 1733555706.8707447
File /home/businka/.local/lib/python3.10/site-packages/django/forms/models.py first seen with mtime 1733555706.8707447
File /usr/lib/python3.10/asyncio/format_helpers.py first seen with mtime 1730924533.0
File /home/businka/.local/lib/python3.10/site-packages/django/utils/dates.py first seen with mtime 1733555706.8907447
File /home/businka/.local/lib/python3.10/site-packages/django/core/cache/utils.py first seen with mtime 1733555706.8407447
File /home/businka/.local/lib/python3.10/site-packages/django/db/models/fields/related.py first seen with mtime 1733555706.8707447
File /home/businka/.local/lib/python3.10/site-packages/django/db/backends/postgresql/creation.py first seen with mtime 1733555706.8607447
File /home/businka/.local/lib/python3.10/site-packages/django/template/loaders/app_directories.py first seen with mtime 1733555706.8907447
File /usr/lib/python3.10/socket.py first seen with mtime 1730924533.0
File /home/businka/.local/lib/python3.10/site-packages/sqlparse/engine/grouping.py first seen with mtime 1733555706.2807448
File /home/businka/.local/lib/python3.10/site-packages/django/http/request.py first seen with mtime 1733555706.8807447
File /home/businka/.local/lib/python3.10/site-packages/django/contrib/sites/__init__.py first seen with mtime 1733555706.8107448
File /usr/lib/python3.10/token.py first seen with mtime 1730924533.0
File /usr/lib/python3.10/dis.py first seen with mtime 1730924533.0
File /home/businka/.local/lib/python3.10/site-packages/django/core/__init__.py first seen with mtime 1733555706.8407447
File /home/businka/.local/lib/python3.10/site-packages/django/utils/html.py first seen with mtime 1733555706.8907447
File /home/businka/.local/lib/python3.10/site-packages/django/template/exceptions.py first seen with mtime 1733555706.8907447
File /home/businka/.local/lib/python3.10/site-packages/django/core/management/base.py first seen with mtime 1733555706.8507447
File /home/businka/.local/lib/python3.10/site-packages/django/core/files/storage/mixins.py first seen with mtime 1733555706.8507447
File /home/businka/.local/lib/python3.10/site-packages/django/core/cache/__init__.py first seen with mtime 1733555706.8407447
File /usr/lib/python3.10/encodings/__init__.py first seen with mtime 1730924533.0
File /home/businka/.local/lib/python3.10/site-packages/django/utils/translation/__init__.py first seen with mtime 1733555706.8907447
File /home/businka/.local/lib/python3.10/site-packages/django/contrib/auth/management/__init__.py first seen with mtime 1733555706.5907447
File /home/businka/.local/lib/python3.10/site-packages/django/utils/datastructures.py first seen with mtime 1733555706.8907447
File /home/businka/.local/lib/python3.10/site-packages/psycopg2/extensions.py first seen with mtime 1733565683.4877357
File /home/businka/coursework/journal/accounts/templates/base.html first seen with mtime 1734240842.7594647
File /home/businka/coursework/journal/accounts/templates/registration first seen with mtime 1733566722.33742
File /home/businka/coursework/journal/accounts/templates/accounts first seen with mtime 1734255686.4302206
File /home/businka/coursework/journal/accounts/templates/registration/login.html first seen with mtime 1734240456.3996089
File /home/businka/coursework/journal/accounts/templates/accounts/register.html first seen with mtime 1734246099.5732448
File /home/businka/coursework/journal/accounts/templates/accounts/home.html first seen with mtime 1734275420.863898
File /home/businka/.local/lib/python3.10/site-packages/django/contrib/sessions/migrations/0001_initial.py first seen with mtime 1733555706.8107448
File /home/businka/.local/lib/python3.10/site-packages/django/contrib/sessions/backends/__init__.py first seen with mtime 1733555706.7807448
File /home/businka/.local/lib/python3.10/site-packages/django/db/migrations/loader.py first seen with mtime 1733555706.8607447
File /home/businka/.local/lib/python3.10/site-packages/django/contrib/auth/migrations/__init__.py first seen with mtime 1733555706.5907447
File /home/businka/.local/lib/python3.10/site-packages/django/contrib/auth/migrations/0003_alter_user_email_max_length.py first seen with mtime 1733555706.5907447
File /home/businka/.local/lib/python3.10/site-packages/django/contrib/auth/migrations/0005_alter_user_last_login_null.py first seen with mtime 1733555706.5907447
File /home/businka/.local/lib/python3.10/site-packages/django/contrib/auth/migrations/0009_alter_user_last_name_max_length.py first seen with mtime 1733555706.5907447
File /home/businka/.local/lib/python3.10/site-packages/django/contrib/sessions/backends/db.py first seen with mtime 1733555706.7807448
File /home/businka/.local/lib/python3.10/site-packages/django/contrib/admin/migrations/0002_logentry_remove_auto_add.py first seen with mtime 1733555706.5007448
File /home/businka/.local/lib/python3.10/site-packages/django/contrib/auth/middleware.py first seen with mtime 1733555706.5607448
File /home/businka/.local/lib/python3.10/site-packages/django/db/migrations/executor.py first seen with mtime 1733555706.8607447
File /home/businka/.local/lib/python3.10/site-packages/django/contrib/sessions/exceptions.py first seen with mtime 1733555706.7807448
File /home/businka/.local/lib/python3.10/site-packages/django/contrib/auth/migrations/0002_alter_permission_name_max_length.py first seen with mtime 1733555706.5907447
File /home/businka/.local/lib/python3.10/site-packages/django/contrib/auth/migrations/0008_alter_user_username_max_length.py first seen with mtime 1733555706.5907447
File /home/businka/.local/lib/python3.10/site-packages/django/contrib/auth/migrations/0011_update_proxy_permissions.py first seen with mtime 1733555706.5907447
File /home/businka/.local/lib/python3.10/site-packages/django/contrib/auth/migrations/0001_initial.py first seen with mtime 1733555706.5907447
File /home/businka/.local/lib/python3.10/site-packages/django/contrib/contenttypes/migrations/0002_remove_content_type_name.py first seen with mtime 1733555706.6207447
File /home/businka/.local/lib/python3.10/site-packages/django/middleware/common.py first seen with mtime 1733555706.8807447
File /home/businka/.local/lib/python3.10/site-packages/django/contrib/auth/migrations/0007_alter_validators_add_error_messages.py first seen with mtime 1733555706.5907447
File /home/businka/.local/lib/python3.10/site-packages/django/contrib/auth/migrations/0004_alter_user_username_opts.py first seen with mtime 1733555706.5907447
File /home/businka/.local/lib/python3.10/site-packages/django/contrib/auth/migrations/0012_alter_user_first_name_max_length.py first seen with mtime 1733555706.5907447
File /home/businka/.local/lib/python3.10/site-packages/django/db/models/sql/compiler.py first seen with mtime 1733555706.8707447
File /usr/lib/python3.10/encodings/idna.py first seen with mtime 1730924533.0
File /home/businka/.local/lib/python3.10/site-packages/django/middleware/clickjacking.py first seen with mtime 1733555706.8807447
File /home/businka/.local/lib/python3.10/site-packages/django/conf/urls/__init__.py first seen with mtime 1733555706.4407449
File /home/businka/.local/lib/python3.10/site-packages/django/contrib/sessions/middleware.py first seen with mtime 1733555706.7807448
File /usr/lib/python3.10/stringprep.py first seen with mtime 1730924533.0
File /home/businka/.local/lib/python3.10/site-packages/django/contrib/contenttypes/migrations/__init__.py first seen with mtime 1733555706.6207447
File /home/businka/.local/lib/python3.10/site-packages/django/contrib/auth/migrations/0006_require_contenttypes_0002.py first seen with mtime 1733555706.5907447
File /home/businka/.local/lib/python3.10/site-packages/django/contrib/messages/middleware.py first seen with mtime 1733555706.7207448
File /home/businka/.local/lib/python3.10/site-packages/django/middleware/security.py first seen with mtime 1733555706.8807447
File /home/businka/.local/lib/python3.10/site-packages/django/core/cache/backends/locmem.py first seen with mtime 1733555706.8407447
File /home/businka/coursework/journal/accounts/migrations/__init__.py first seen with mtime 1733566144.447597
File /home/businka/.local/lib/python3.10/site-packages/django/contrib/sessions/migrations/__init__.py first seen with mtime 1733555706.8107448
File /home/businka/.local/lib/python3.10/site-packages/django/contrib/admin/migrations/0001_initial.py first seen with mtime 1733555706.5007448
File /home/businka/.local/lib/python3.10/site-packages/django/views/defaults.py first seen with mtime 1733555706.9007447
File /home/businka/.local/lib/python3.10/site-packages/django/contrib/contenttypes/migrations/0001_initial.py first seen with mtime 1733555706.6207447
File /home/businka/coursework/journal/accounts/migrations/0002_profile.py first seen with mtime 1734258249.939431
File /home/businka/.local/lib/python3.10/site-packages/django/contrib/admin/migrations/__init__.py first seen with mtime 1733555706.5007448
File /home/businka/.local/lib/python3.10/site-packages/django/contrib/admin/migrations/0003_logentry_add_action_flag_choices.py first seen with mtime 1733555706.5007448
File /home/businka/coursework/journal/accounts/migrations/0001_initial.py first seen with mtime 1733566968.767354
File /home/businka/.local/lib/python3.10/site-packages/django/db/migrations/recorder.py first seen with mtime 1733555706.8607447
File /home/businka/coursework/journal/journal/wsgi.py first seen with mtime 1733566108.4676101
File /home/businka/.local/lib/python3.10/site-packages/django/contrib/sessions/backends/base.py first seen with mtime 1733555706.7807448
File /home/businka/.local/lib/python3.10/site-packages/django/contrib/auth/backends.py first seen with mtime 1733555706.5607448
File /home/businka/.local/lib/python3.10/site-packages/django/db/migrations/graph.py first seen with mtime 1733555706.8607447
File /home/businka/.local/lib/python3.10/site-packages/django/contrib/auth/migrations/0010_alter_group_name_max_length.py first seen with mtime 1733555706.5907447
"GET / HTTP/1.1" 200 764
File /home/businka/.local/lib/python3.10/site-packages/django/contrib/auth/context_processors.py first seen with mtime 1733555706.5607448
File /home/businka/.local/lib/python3.10/site-packages/django/contrib/messages/context_processors.py first seen with mtime 1733555706.7207448
File /home/businka/.local/lib/python3.10/site-packages/django/contrib/sessions/serializers.py first seen with mtime 1733555706.7807448
File /home/businka/.local/lib/python3.10/site-packages/django/contrib/messages/storage/session.py first seen with mtime 1733555706.7207448
File /home/businka/.local/lib/python3.10/site-packages/django/template/context_processors.py first seen with mtime 1733555706.8907447
File /home/businka/.local/lib/python3.10/site-packages/django/contrib/staticfiles/storage.py first seen with mtime 1733555706.8407447
File /home/businka/.local/lib/python3.10/site-packages/django/contrib/messages/storage/fallback.py first seen with mtime 1733555706.7207448
File /home/businka/.local/lib/python3.10/site-packages/django/contrib/messages/storage/cookie.py first seen with mtime 1733555706.7207448
"GET /login/ HTTP/1.1" 200 1268
(0.001) SELECT "accounts_customuser"."id", "accounts_customuser"."password", "accounts_customuser"."last_login", "accounts_customuser"."is_superuser", "accounts_customuser"."username", "accounts_customuser"."first_name", "accounts_customuser"."last_name", "accounts_customuser"."email", "accounts_customuser"."is_staff", "accounts_customuser"."is_active", "accounts_customuser"."date_joined" FROM "accounts_customuser" WHERE "accounts_customuser"."username" = 'user' LIMIT 21; args=('user',); alias=default
(0.001) SELECT 1 AS "a" FROM "django_session" WHERE "django_session"."session_key" = 'vqpy16le2kle7rmvx7zuu3ez1kl0ztay' LIMIT 1; args=(1, 'vqpy16le2kle7rmvx7zuu3ez1kl0ztay'); alias=default
(0.000) BEGIN; args=None; alias=default
(0.001) INSERT INTO "django_session" ("session_key", "session_data", "expire_date") VALUES ('vqpy16le2kle7rmvx7zuu3ez1kl0ztay', 'e30:1tN4Sl:HwZynvKfKKO6U4etVwcscFWoN2SwBznYSASDtH5ocX8', '2024-12-30T06:20:15.070038+00:00'::timestamptz); args=('vqpy16le2kle7rmvx7zuu3ez1kl0ztay', 'e30:1tN4Sl:HwZynvKfKKO6U4etVwcscFWoN2SwBznYSASDtH5ocX8', datetime.datetime(2024, 12, 30, 6, 20, 15, 70038, tzinfo=datetime.timezone.utc)); alias=default
(0.007) COMMIT; args=None; alias=default
(0.004) UPDATE "accounts_customuser" SET "last_login" = '2024-12-16T06:20:15.079977+00:00'::timestamptz WHERE "accounts_customuser"."id" = 3; args=(datetime.datetime(2024, 12, 16, 6, 20, 15, 79977, tzinfo=datetime.timezone.utc), 3); alias=default
(0.000) BEGIN; args=None; alias=default
(0.002) UPDATE "django_session" SET "session_data" = '.eJxVjMsOwiAQRf-FtSHghJdL934DGYZBqgaS0q4a_12bdKHbe865m4i4LjWug-c4ZXERIE6_W0J6cttBfmC7d0m9LfOU5K7Igw5565lf18P9O6g46rf26H0JkD0xFxWYAqQA5IJGwLNT2pIGrQlYAYJhVsaSweJ0ButKEu8P7e84BQ:1tN4Sl:Dl7ebCIPMCoPWJvkDXPQf2kXFJ5N5j3ocPnH1i98YBI', "expire_date" = '2024-12-30T06:20:15.086802+00:00'::timestamptz WHERE "django_session"."session_key" = 'vqpy16le2kle7rmvx7zuu3ez1kl0ztay'; args=('.eJxVjMsOwiAQRf-FtSHghJdL934DGYZBqgaS0q4a_12bdKHbe865m4i4LjWug-c4ZXERIE6_W0J6cttBfmC7d0m9LfOU5K7Igw5565lf18P9O6g46rf26H0JkD0xFxWYAqQA5IJGwLNT2pIGrQlYAYJhVsaSweJ0ButKEu8P7e84BQ:1tN4Sl:Dl7ebCIPMCoPWJvkDXPQf2kXFJ5N5j3ocPnH1i98YBI', datetime.datetime(2024, 12, 30, 6, 20, 15, 86802, tzinfo=datetime.timezone.utc), 'vqpy16le2kle7rmvx7zuu3ez1kl0ztay'); alias=default
(0.004) COMMIT; args=None; alias=default
(0.000) BEGIN; args=None; alias=default
(0.001) UPDATE "django_session" SET "session_data" = '.eJxVjMsOwiAQRf-FtSHghJdL934DGYZBqgaS0q4a_12bdKHbe865m4i4LjWug-c4ZXERIE6_W0J6cttBfmC7d0m9LfOU5K7Igw5565lf18P9O6g46rf26H0JkD0xFxWYAqQA5IJGwLNT2pIGrQlYAYJhVsaSweJ0ButKEu8P7e84BQ:1tN4Sl:Dl7ebCIPMCoPWJvkDXPQf2kXFJ5N5j3ocPnH1i98YBI', "expire_date" = '2024-12-30T06:20:15.094859+00:00'::timestamptz WHERE "django_session"."session_key" = 'vqpy16le2kle7rmvx7zuu3ez1kl0ztay'; args=('.eJxVjMsOwiAQRf-FtSHghJdL934DGYZBqgaS0q4a_12bdKHbe865m4i4LjWug-c4ZXERIE6_W0J6cttBfmC7d0m9LfOU5K7Igw5565lf18P9O6g46rf26H0JkD0xFxWYAqQA5IJGwLNT2pIGrQlYAYJhVsaSweJ0ButKEu8P7e84BQ:1tN4Sl:Dl7ebCIPMCoPWJvkDXPQf2kXFJ5N5j3ocPnH1i98YBI', datetime.datetime(2024, 12, 30, 6, 20, 15, 94859, tzinfo=datetime.timezone.utc), 'vqpy16le2kle7rmvx7zuu3ez1kl0ztay'); alias=default
(0.003) COMMIT; args=None; alias=default
"POST /login/ HTTP/1.1" 302 0
(0.002) SELECT "django_session"."session_key", "django_session"."session_data", "django_session"."expire_date" FROM "django_session" WHERE ("django_session"."expire_date" > '2024-12-16T06:20:15.114674+00:00'::timestamptz AND "django_session"."session_key" = 'vqpy16le2kle7rmvx7zuu3ez1kl0ztay') LIMIT 21; args=(datetime.datetime(2024, 12, 16, 6, 20, 15, 114674, tzinfo=datetime.timezone.utc), 'vqpy16le2kle7rmvx7zuu3ez1kl0ztay'); alias=default
(0.001) SELECT "accounts_customuser"."id", "accounts_customuser"."password", "accounts_customuser"."last_login", "accounts_customuser"."is_superuser", "accounts_customuser"."username", "accounts_customuser"."first_name", "accounts_customuser"."last_name", "accounts_customuser"."email", "accounts_customuser"."is_staff", "accounts_customuser"."is_active", "accounts_customuser"."date_joined" FROM "accounts_customuser" WHERE "accounts_customuser"."id" = 3 LIMIT 21; args=(3,); alias=default
Exception while resolving variable 'users' in template 'accounts/home.html'.
Traceback (most recent call last):
  File "/home/businka/.local/lib/python3.10/site-packages/django/template/base.py", line 883, in _resolve_lookup
    current = current[bit]
  File "/home/businka/.local/lib/python3.10/site-packages/django/template/context.py", line 85, in __getitem__
    raise KeyError(key)
KeyError: 'users'

During handling of the above exception, another exception occurred:

Traceback (most recent call last):
  File "/home/businka/.local/lib/python3.10/site-packages/django/template/base.py", line 889, in _resolve_lookup
    if isinstance(current, BaseContext) and getattr(
AttributeError: type object 'RequestContext' has no attribute 'users'

During handling of the above exception, another exception occurred:

Traceback (most recent call last):
  File "/home/businka/.local/lib/python3.10/site-packages/django/template/base.py", line 899, in _resolve_lookup
    current = current[int(bit)]
ValueError: invalid literal for int() with base 10: 'users'

During handling of the above exception, another exception occurred:

Traceback (most recent call last):
  File "/home/businka/.local/lib/python3.10/site-packages/django/template/base.py", line 906, in _resolve_lookup
    raise VariableDoesNotExist(
django.template.base.VariableDoesNotExist: Failed lookup for key [users] in [{'True': True, 'False': False, 'None': None}, {'csrf_token': <SimpleLazyObject: 'nEugoEJGpiLdqMn68m2Q4CagHNciAXDuzqTUfkpDrPMcRSpu8oYdFFoDvZxYTpVq'>, 'request': <WSGIRequest: GET '/'>, 'user': <SimpleLazyObject: <CustomUser: user>>, 'perms': PermWrapper(<SimpleLazyObject: <CustomUser: user>>), 'messages': <FallbackStorage: request=<WSGIRequest: GET '/'>>, 'DEFAULT_MESSAGE_LEVELS': {'DEBUG': 10, 'INFO': 20, 'SUCCESS': 25, 'WARNING': 30, 'ERROR': 40}}, {}, {'block': <Block Node: content. Contents: [<TextNode: '\n<h1>Добро пожаловать на '>, <IfNode>, <TextNode: '\n'>]>}, {}]
"GET / HTTP/1.1" 200 1399
